{"C:\\Users\\Kiran\\Desktop\\kiran\\CRM_Backend\\config\\auth.config.js": {"path":"C:\\Users\\Kiran\\Desktop\\kiran\\CRM_Backend\\config\\auth.config.js","statementMap":{"0":{"start":{"line":1,"column":0},"end":{"line":3,"column":2}}},"fnMap":{},"branchMap":{},"s":{"0":1},"f":{},"b":{},"_coverageSchema":"1a1c01bbd47fc00a2c39e90264f33305004495a9","hash":"180656738f30fcb77e6ba46f51bb1ca5d29ad8c6"}
,"C:\\Users\\Kiran\\Desktop\\kiran\\CRM_Backend\\controllers\\auth.controller.js": {"path":"C:\\Users\\Kiran\\Desktop\\kiran\\CRM_Backend\\controllers\\auth.controller.js","statementMap":{"0":{"start":{"line":1,"column":18},"end":{"line":1,"column":47}},"1":{"start":{"line":2,"column":13},"end":{"line":2,"column":44}},"2":{"start":{"line":3,"column":15},"end":{"line":3,"column":34}},"3":{"start":{"line":4,"column":12},"end":{"line":4,"column":35}},"4":{"start":{"line":5,"column":19},"end":{"line":5,"column":51}},"5":{"start":{"line":7,"column":0},"end":{"line":42,"column":2}},"6":{"start":{"line":8,"column":19},"end":{"line":8,"column":38}},"7":{"start":{"line":9,"column":17},"end":{"line":9,"column":34}},"8":{"start":{"line":10,"column":2},"end":{"line":14,"column":3}},"9":{"start":{"line":11,"column":4},"end":{"line":11,"column":47}},"10":{"start":{"line":13,"column":4},"end":{"line":13,"column":46}},"11":{"start":{"line":16,"column":2},"end":{"line":41,"column":3}},"12":{"start":{"line":17,"column":23},"end":{"line":24,"column":6}},"13":{"start":{"line":25,"column":25},"end":{"line":33,"column":5}},"14":{"start":{"line":35,"column":4},"end":{"line":35,"column":39}},"15":{"start":{"line":37,"column":4},"end":{"line":37,"column":57}},"16":{"start":{"line":38,"column":4},"end":{"line":40,"column":7}},"17":{"start":{"line":43,"column":0},"end":{"line":77,"column":2}},"18":{"start":{"line":44,"column":15},"end":{"line":44,"column":62}},"19":{"start":{"line":45,"column":2},"end":{"line":50,"column":3}},"20":{"start":{"line":46,"column":4},"end":{"line":48,"column":7}},"21":{"start":{"line":49,"column":4},"end":{"line":49,"column":11}},"22":{"start":{"line":51,"column":2},"end":{"line":56,"column":3}},"23":{"start":{"line":52,"column":4},"end":{"line":54,"column":7}},"24":{"start":{"line":55,"column":4},"end":{"line":55,"column":11}},"25":{"start":{"line":59,"column":24},"end":{"line":59,"column":76}},"26":{"start":{"line":61,"column":2},"end":{"line":65,"column":3}},"27":{"start":{"line":62,"column":4},"end":{"line":64,"column":7}},"28":{"start":{"line":66,"column":14},"end":{"line":68,"column":4}},"29":{"start":{"line":69,"column":2},"end":{"line":76,"column":5}}},"fnMap":{"0":{"name":"(anonymous_0)","decl":{"start":{"line":7,"column":17},"end":{"line":7,"column":18}},"loc":{"start":{"line":7,"column":37},"end":{"line":42,"column":1}},"line":7},"1":{"name":"(anonymous_1)","decl":{"start":{"line":43,"column":17},"end":{"line":43,"column":18}},"loc":{"start":{"line":43,"column":37},"end":{"line":77,"column":1}},"line":43}},"branchMap":{"0":{"loc":{"start":{"line":10,"column":2},"end":{"line":14,"column":3}},"type":"if","locations":[{"start":{"line":10,"column":2},"end":{"line":14,"column":3}},{"start":{"line":12,"column":9},"end":{"line":14,"column":3}}],"line":10},"1":{"loc":{"start":{"line":45,"column":2},"end":{"line":50,"column":3}},"type":"if","locations":[{"start":{"line":45,"column":2},"end":{"line":50,"column":3}},{"start":{},"end":{}}],"line":45},"2":{"loc":{"start":{"line":51,"column":2},"end":{"line":56,"column":3}},"type":"if","locations":[{"start":{"line":51,"column":2},"end":{"line":56,"column":3}},{"start":{},"end":{}}],"line":51},"3":{"loc":{"start":{"line":61,"column":2},"end":{"line":65,"column":3}},"type":"if","locations":[{"start":{"line":61,"column":2},"end":{"line":65,"column":3}},{"start":{},"end":{}}],"line":61}},"s":{"0":1,"1":1,"2":1,"3":1,"4":1,"5":1,"6":0,"7":0,"8":0,"9":0,"10":0,"11":0,"12":0,"13":0,"14":0,"15":0,"16":0,"17":1,"18":0,"19":0,"20":0,"21":0,"22":0,"23":0,"24":0,"25":0,"26":0,"27":0,"28":0,"29":0},"f":{"0":0,"1":0},"b":{"0":[0,0],"1":[0,0],"2":[0,0],"3":[0,0]},"_coverageSchema":"1a1c01bbd47fc00a2c39e90264f33305004495a9","hash":"3fbcdb70eb22c2f02daf89ed3aad13b442baf1a9"}
,"C:\\Users\\Kiran\\Desktop\\kiran\\CRM_Backend\\models\\user.model.js": {"path":"C:\\Users\\Kiran\\Desktop\\kiran\\CRM_Backend\\models\\user.model.js","statementMap":{"0":{"start":{"line":1,"column":17},"end":{"line":1,"column":36}},"1":{"start":{"line":3,"column":19},"end":{"line":54,"column":2}},"2":{"start":{"line":37,"column":6},"end":{"line":37,"column":24}},"3":{"start":{"line":43,"column":6},"end":{"line":43,"column":24}},"4":{"start":{"line":56,"column":0},"end":{"line":56,"column":52}}},"fnMap":{"0":{"name":"(anonymous_0)","decl":{"start":{"line":36,"column":13},"end":{"line":36,"column":14}},"loc":{"start":{"line":36,"column":19},"end":{"line":38,"column":5}},"line":36},"1":{"name":"(anonymous_1)","decl":{"start":{"line":42,"column":13},"end":{"line":42,"column":14}},"loc":{"start":{"line":42,"column":19},"end":{"line":44,"column":5}},"line":42}},"branchMap":{},"s":{"0":1,"1":1,"2":0,"3":0,"4":1},"f":{"0":0,"1":0},"b":{},"_coverageSchema":"1a1c01bbd47fc00a2c39e90264f33305004495a9","hash":"433af157f03bb21b3c9b1a4bfec27934ec813097"}
,"C:\\Users\\Kiran\\Desktop\\kiran\\CRM_Backend\\tests\\db.js": {"path":"C:\\Users\\Kiran\\Desktop\\kiran\\CRM_Backend\\tests\\db.js","statementMap":{"0":{"start":{"line":1,"column":17},"end":{"line":1,"column":36}},"1":{"start":{"line":2,"column":30},"end":{"line":2,"column":62}},"2":{"start":{"line":7,"column":0},"end":{"line":17,"column":2}},"3":{"start":{"line":8,"column":2},"end":{"line":16,"column":3}},"4":{"start":{"line":9,"column":4},"end":{"line":9,"column":46}},"5":{"start":{"line":10,"column":16},"end":{"line":10,"column":31}},"6":{"start":{"line":11,"column":25},"end":{"line":14,"column":5}},"7":{"start":{"line":15,"column":4},"end":{"line":15,"column":40}},"8":{"start":{"line":20,"column":0},"end":{"line":26,"column":2}},"9":{"start":{"line":21,"column":2},"end":{"line":21,"column":43}},"10":{"start":{"line":22,"column":2},"end":{"line":22,"column":36}},"11":{"start":{"line":23,"column":2},"end":{"line":25,"column":3}},"12":{"start":{"line":24,"column":4},"end":{"line":24,"column":24}},"13":{"start":{"line":29,"column":0},"end":{"line":36,"column":2}},"14":{"start":{"line":30,"column":22},"end":{"line":30,"column":59}},"15":{"start":{"line":32,"column":2},"end":{"line":35,"column":3}},"16":{"start":{"line":33,"column":23},"end":{"line":33,"column":37}},"17":{"start":{"line":34,"column":4},"end":{"line":34,"column":28}}},"fnMap":{"0":{"name":"(anonymous_0)","decl":{"start":{"line":7,"column":25},"end":{"line":7,"column":26}},"loc":{"start":{"line":7,"column":37},"end":{"line":17,"column":1}},"line":7},"1":{"name":"(anonymous_1)","decl":{"start":{"line":20,"column":31},"end":{"line":20,"column":32}},"loc":{"start":{"line":20,"column":43},"end":{"line":26,"column":1}},"line":20},"2":{"name":"(anonymous_2)","decl":{"start":{"line":29,"column":31},"end":{"line":29,"column":32}},"loc":{"start":{"line":29,"column":43},"end":{"line":36,"column":1}},"line":29}},"branchMap":{"0":{"loc":{"start":{"line":8,"column":2},"end":{"line":16,"column":3}},"type":"if","locations":[{"start":{"line":8,"column":2},"end":{"line":16,"column":3}},{"start":{},"end":{}}],"line":8},"1":{"loc":{"start":{"line":23,"column":2},"end":{"line":25,"column":3}},"type":"if","locations":[{"start":{"line":23,"column":2},"end":{"line":25,"column":3}},{"start":{},"end":{}}],"line":23}},"s":{"0":1,"1":1,"2":1,"3":1,"4":1,"5":0,"6":0,"7":0,"8":1,"9":1,"10":0,"11":0,"12":0,"13":1,"14":6,"15":6,"16":6,"17":6},"f":{"0":1,"1":1,"2":6},"b":{"0":[1,0],"1":[0,0]},"_coverageSchema":"1a1c01bbd47fc00a2c39e90264f33305004495a9","hash":"a2fba1b9616ae751cb8455d0fc30bfa4d509f606"}
,"C:\\Users\\Kiran\\Desktop\\kiran\\CRM_Backend\\tests\\interceptor.js": {"path":"C:\\Users\\Kiran\\Desktop\\kiran\\CRM_Backend\\tests\\interceptor.js","statementMap":{"0":{"start":{"line":1,"column":0},"end":{"line":16,"column":2}},"1":{"start":{"line":3,"column":16},"end":{"line":3,"column":18}},"2":{"start":{"line":4,"column":4},"end":{"line":4,"column":46}},"3":{"start":{"line":5,"column":4},"end":{"line":5,"column":48}},"4":{"start":{"line":6,"column":4},"end":{"line":6,"column":15}},"5":{"start":{"line":10,"column":16},"end":{"line":10,"column":18}},"6":{"start":{"line":11,"column":4},"end":{"line":11,"column":46}},"7":{"start":{"line":12,"column":4},"end":{"line":12,"column":48}},"8":{"start":{"line":13,"column":4},"end":{"line":13,"column":46}},"9":{"start":{"line":14,"column":4},"end":{"line":14,"column":15}}},"fnMap":{"0":{"name":"(anonymous_0)","decl":{"start":{"line":2,"column":15},"end":{"line":2,"column":16}},"loc":{"start":{"line":2,"column":21},"end":{"line":7,"column":3}},"line":2},"1":{"name":"(anonymous_1)","decl":{"start":{"line":9,"column":16},"end":{"line":9,"column":17}},"loc":{"start":{"line":9,"column":22},"end":{"line":15,"column":3}},"line":9}},"branchMap":{},"s":{"0":1,"1":0,"2":0,"3":0,"4":0,"5":0,"6":0,"7":0,"8":0,"9":0},"f":{"0":0,"1":0},"b":{},"_coverageSchema":"1a1c01bbd47fc00a2c39e90264f33305004495a9","hash":"2cb83f10140ead6cf469ccf682b0a6afc9017dcd"}
,"C:\\Users\\Kiran\\Desktop\\kiran\\CRM_Backend\\utils\\constants.js": {"path":"C:\\Users\\Kiran\\Desktop\\kiran\\CRM_Backend\\utils\\constants.js","statementMap":{"0":{"start":{"line":1,"column":0},"end":{"line":18,"column":2}}},"fnMap":{},"branchMap":{},"s":{"0":1},"f":{},"b":{},"_coverageSchema":"1a1c01bbd47fc00a2c39e90264f33305004495a9","hash":"d34edae3b397777293427962e06776659c5bb62f"}
}
